<?xml version="1.0" encoding="UTF-8"?>
<!-- Generated by org.testng.reporters.JUnitReportReporter -->
<testsuite hostname="MacBook-Air.local" failures="0" tests="1" name="main.FlipkartTest" time="0.012" errors="0" timestamp="2023-07-01T15:38:30 IST" skipped="0">
  <testcase classname="main.FlipkartTest" name="loginToFlipkart" time="0.012"/>
</testsuite> <!-- main.FlipkartTest -->
