<?xml version="1.0" encoding="UTF-8"?>
<!-- Generated by org.testng.reporters.JUnitReportReporter -->
<testsuite hostname="MacBook-Air.local" failures="0" tests="1" name="main.ECommerceTest" time="0.061" errors="0" timestamp="1 Jul 2023 07:25:32 GMT">
  <testcase classname="main.ECommerceTest" name="testHelloWorld" time="0.061"/>
</testsuite>
